  main.cpp
c:\users\user\downloads\lab2\company\person.h(25): warning C4227: устаревший элемент: пропуск квалификаторов для ссылки
c:\users\user\downloads\lab2\company\company.h(25): warning C4227: устаревший элемент: пропуск квалификаторов для ссылки
c:\users\user\downloads\lab2\company\main.cpp(11): warning C4244: аргумент: преобразование "time_t" в "unsigned int", возможна потеря данных
  Person.cpp
c:\users\user\downloads\lab2\company\company.h(25): warning C4227: устаревший элемент: пропуск квалификаторов для ссылки
c:\users\user\downloads\lab2\company\person.h(25): warning C4227: устаревший элемент: пропуск квалификаторов для ссылки
c:\users\user\downloads\lab2\company\person.cpp(26): warning C4267: return: преобразование из "size_t" в "const unsigned char"; возможна потеря данных
c:\users\user\downloads\lab2\company\person.cpp(34): warning C4227: устаревший элемент: пропуск квалификаторов для ссылки
  Company.cpp
c:\users\user\downloads\lab2\company\person.h(25): warning C4227: устаревший элемент: пропуск квалификаторов для ссылки
c:\users\user\downloads\lab2\company\company.h(25): warning C4227: устаревший элемент: пропуск квалификаторов для ссылки
c:\users\user\downloads\lab2\company\company.cpp(35): warning C4227: устаревший элемент: пропуск квалификаторов для ссылки
  Создание кода...
c:\users\user\downloads\lab2\company\company.cpp(33): warning C4715: Company::getPersonID: значение возвращается не при всех путях выполнения
c:\users\user\downloads\lab2\company\company.cpp(24): warning C4715: Company::getPersonName: значение возвращается не при всех путях выполнения
  Компиляция...
  Boss.cpp
c:\users\user\downloads\lab2\company\person.h(25): warning C4227: устаревший элемент: пропуск квалификаторов для ссылки
c:\users\user\downloads\lab2\company\company.h(25): warning C4227: устаревший элемент: пропуск квалификаторов для ссылки
  Создание кода...
  Company.vcxproj -> C:\Users\User\Downloads\Lab2\x64\Debug\Company.exe
